INFO:root:Now we are in station:SM09
INFO:root:Now we are in the 213 day of year
INFO:root:the data of 213 day of year is merging, thank god
INFO:root:Now we are in the 214 day of year
INFO:root:the data of 214 day of year is merging, thank god
INFO:root:Now we are in the 215 day of year
INFO:root:the data of 215 day of year is merging, thank god
INFO:root:Now we are in the 216 day of year
INFO:root:the data of 216 day of year is merging, thank god
INFO:root:Now we are in the 217 day of year
INFO:root:the data of 217 day of year is merging, thank god
INFO:root:Now we are in the 218 day of year
INFO:root:the data of 218 day of year is merging, thank god
INFO:root:Now we are in the 219 day of year
INFO:root:the data of 219 day of year is merging, thank god
INFO:root:Now we are in the 220 day of year
INFO:root:the data of 220 day of year is merging, thank god
INFO:root:Now we are in the 221 day of year
INFO:root:the data of 221 day of year is merging, thank god
INFO:root:Now we are in the 222 day of year
INFO:root:the data of 222 day of year is merging, thank god
INFO:root:Now we are in the 223 day of year
INFO:root:the data of 223 day of year is merging, thank god
INFO:root:Now we are in the 224 day of year
INFO:root:the data of 224 day of year is merging, thank god
INFO:root:Now we are in the 225 day of year
INFO:root:the data of 225 day of year is merging, thank god
INFO:root:Now we are in the 226 day of year
INFO:root:the data of 226 day of year is merging, thank god
INFO:root:Now we are in the 227 day of year
INFO:root:the data of 227 day of year is merging, thank god
INFO:root:Now we are in the 228 day of year
INFO:root:the data of 228 day of year is merging, thank god
INFO:root:Now we are in the 229 day of year
INFO:root:the data of 229 day of year is merging, thank god
INFO:root:Now we are in the 230 day of year
INFO:root:the data of 230 day of year is merging, thank god
INFO:root:Now we are in the 231 day of year
INFO:root:the data of 231 day of year is merging, thank god
INFO:root:Now we are in the 232 day of year
INFO:root:the data of 232 day of year is merging, thank god
INFO:root:Now we are in the 233 day of year
INFO:root:the data of 233 day of year is merging, thank god
INFO:root:Now we are in the 234 day of year
INFO:root:the data of 234 day of year is merging, thank god
INFO:root:Now we are in the 235 day of year
INFO:root:the data of 235 day of year is merging, thank god
INFO:root:Now we are in the 236 day of year
INFO:root:the data of 236 day of year is merging, thank god
INFO:root:Now we are in the 237 day of year
INFO:root:the data of 237 day of year is merging, thank god
INFO:root:Now we are in the 238 day of year
INFO:root:the data of 238 day of year is merging, thank god
INFO:root:Now we are in the 239 day of year
INFO:root:the data of 239 day of year is merging, thank god
INFO:root:Now we are in the 240 day of year
INFO:root:the data of 240 day of year is merging, thank god
INFO:root:Now we are in the 241 day of year
INFO:root:the data of 241 day of year is merging, thank god
INFO:root:Now we are in the 242 day of year
INFO:root:the data of 242 day of year is merging, thank god
INFO:root:Now we are in the 243 day of year
INFO:root:the data of 243 day of year is merging, thank god
INFO:root:merging complete
INFO:root:the SM09 merge data is now save in /raid1/SM_data/archive/2023/TW/August_merge
INFO:root:Now we are in station:SM01
INFO:root:Now we are in the 213 day of year
INFO:root:the data of 213 day of year is merging, thank god
INFO:root:Now we are in the 214 day of year
INFO:root:the data of 214 day of year is merging, thank god
INFO:root:Now we are in the 215 day of year
INFO:root:the data of 215 day of year is merging, thank god
INFO:root:Now we are in the 216 day of year
INFO:root:the data of 216 day of year is merging, thank god
INFO:root:Now we are in the 217 day of year
INFO:root:the data of 217 day of year is merging, thank god
INFO:root:Now we are in the 218 day of year
INFO:root:the data of 218 day of year is merging, thank god
INFO:root:Now we are in the 219 day of year
INFO:root:the data of 219 day of year is merging, thank god
INFO:root:Now we are in the 220 day of year
INFO:root:the data of 220 day of year is merging, thank god
INFO:root:Now we are in the 221 day of year
INFO:root:the data of 221 day of year is merging, thank god
INFO:root:Now we are in the 222 day of year
INFO:root:the data of 222 day of year is merging, thank god
INFO:root:Now we are in the 223 day of year
INFO:root:the data of 223 day of year is merging, thank god
INFO:root:Now we are in the 224 day of year
INFO:root:the data of 224 day of year is merging, thank god
INFO:root:Now we are in the 225 day of year
INFO:root:the data of 225 day of year is merging, thank god
INFO:root:Now we are in the 226 day of year
INFO:root:the data of 226 day of year is merging, thank god
INFO:root:Now we are in the 227 day of year
INFO:root:the data of 227 day of year is merging, thank god
INFO:root:Now we are in the 228 day of year
INFO:root:the data of 228 day of year is merging, thank god
INFO:root:Now we are in the 229 day of year
INFO:root:the data of 229 day of year is merging, thank god
INFO:root:Now we are in the 230 day of year
INFO:root:the data of 230 day of year is merging, thank god
INFO:root:Now we are in the 231 day of year
INFO:root:the data of 231 day of year is merging, thank god
INFO:root:Now we are in the 232 day of year
INFO:root:the data of 232 day of year is merging, thank god
INFO:root:Now we are in the 233 day of year
INFO:root:the data of 233 day of year is merging, thank god
INFO:root:Now we are in the 234 day of year
INFO:root:the data of 234 day of year is merging, thank god
INFO:root:Now we are in the 235 day of year
INFO:root:the data of 235 day of year is merging, thank god
INFO:root:Now we are in the 236 day of year
INFO:root:the data of 236 day of year is merging, thank god
INFO:root:Now we are in the 237 day of year
INFO:root:the data of 237 day of year is merging, thank god
INFO:root:Now we are in the 238 day of year
INFO:root:the data of 238 day of year is merging, thank god
INFO:root:Now we are in the 239 day of year
INFO:root:the data of 239 day of year is merging, thank god
INFO:root:Now we are in the 240 day of year
INFO:root:the data of 240 day of year is merging, thank god
INFO:root:Now we are in the 241 day of year
INFO:root:the data of 241 day of year is merging, thank god
INFO:root:Now we are in the 242 day of year
INFO:root:the data of 242 day of year is merging, thank god
INFO:root:Now we are in the 243 day of year
INFO:root:the data of 243 day of year is merging, thank god
INFO:root:merging complete
INFO:root:the SM01 merge data is now save in /raid1/SM_data/archive/2023/TW/August_merge
INFO:root:Now we are in station:SM02
INFO:root:Now we are in the 213 day of year
INFO:root:the data of 213 day of year is merging, thank god
INFO:root:Now we are in the 214 day of year
INFO:root:the data of 214 day of year is merging, thank god
INFO:root:Now we are in the 215 day of year
INFO:root:the data of 215 day of year is merging, thank god
INFO:root:Now we are in the 216 day of year
INFO:root:the data of 216 day of year is merging, thank god
INFO:root:Now we are in the 217 day of year
INFO:root:the data of 217 day of year is merging, thank god
INFO:root:Now we are in the 218 day of year
INFO:root:the data of 218 day of year is merging, thank god
INFO:root:Now we are in the 219 day of year
INFO:root:the data of 219 day of year is merging, thank god
INFO:root:Now we are in the 220 day of year
INFO:root:the data of 220 day of year is merging, thank god
INFO:root:Now we are in the 221 day of year
INFO:root:the data of 221 day of year is merging, thank god
INFO:root:Now we are in the 222 day of year
INFO:root:the data of 222 day of year is merging, thank god
INFO:root:Now we are in the 223 day of year
INFO:root:the data of 223 day of year is merging, thank god
INFO:root:Now we are in the 224 day of year
INFO:root:the data of 224 day of year is merging, thank god
INFO:root:Now we are in the 225 day of year
INFO:root:the data of 225 day of year is merging, thank god
INFO:root:Now we are in the 226 day of year
INFO:root:the data of 226 day of year is merging, thank god
INFO:root:Now we are in the 227 day of year
INFO:root:the data of 227 day of year is merging, thank god
INFO:root:Now we are in the 228 day of year
INFO:root:the data of 228 day of year is merging, thank god
INFO:root:Now we are in the 229 day of year
INFO:root:the data of 229 day of year is merging, thank god
INFO:root:Now we are in the 230 day of year
INFO:root:the data of 230 day of year is merging, thank god
INFO:root:Now we are in the 231 day of year
INFO:root:the data of 231 day of year is merging, thank god
INFO:root:Now we are in the 232 day of year
INFO:root:the data of 232 day of year is merging, thank god
INFO:root:Now we are in the 233 day of year
INFO:root:the data of 233 day of year is merging, thank god
INFO:root:Now we are in the 234 day of year
INFO:root:the data of 234 day of year is merging, thank god
INFO:root:Now we are in the 235 day of year
INFO:root:the data of 235 day of year is merging, thank god
INFO:root:Now we are in the 236 day of year
INFO:root:the data of 236 day of year is merging, thank god
INFO:root:Now we are in the 237 day of year
INFO:root:the data of 237 day of year is merging, thank god
INFO:root:Now we are in the 238 day of year
INFO:root:the data of 238 day of year is merging, thank god
INFO:root:Now we are in the 239 day of year
INFO:root:the data of 239 day of year is merging, thank god
INFO:root:Now we are in the 240 day of year
INFO:root:the data of 240 day of year is merging, thank god
INFO:root:Now we are in the 241 day of year
INFO:root:the data of 241 day of year is merging, thank god
INFO:root:Now we are in the 242 day of year
INFO:root:the data of 242 day of year is merging, thank god
INFO:root:Now we are in the 243 day of year
INFO:root:the data of 243 day of year is merging, thank god
INFO:root:merging complete
INFO:root:the SM02 merge data is now save in /raid1/SM_data/archive/2023/TW/August_merge
INFO:root:Now we are in station:SM19
INFO:root:Now we are in the 213 day of year
INFO:root:the data of 213 day of year is merging, thank god
INFO:root:Now we are in the 214 day of year
INFO:root:the data of 214 day of year is merging, thank god
INFO:root:Now we are in the 215 day of year
INFO:root:the data of 215 day of year is merging, thank god
INFO:root:Now we are in the 216 day of year
INFO:root:the data of 216 day of year is merging, thank god
INFO:root:Now we are in the 217 day of year
INFO:root:the data of 217 day of year is merging, thank god
INFO:root:Now we are in the 218 day of year
INFO:root:the data of 218 day of year is merging, thank god
INFO:root:Now we are in the 219 day of year
INFO:root:the data of 219 day of year is merging, thank god
INFO:root:Now we are in the 220 day of year
INFO:root:the data of 220 day of year is merging, thank god
INFO:root:Now we are in the 221 day of year
INFO:root:the data of 221 day of year is merging, thank god
INFO:root:Now we are in the 222 day of year
INFO:root:the data of 222 day of year is merging, thank god
INFO:root:Now we are in the 223 day of year
INFO:root:the data of 223 day of year is merging, thank god
INFO:root:Now we are in the 224 day of year
INFO:root:the data of 224 day of year is merging, thank god
INFO:root:Now we are in the 225 day of year
INFO:root:the data of 225 day of year is merging, thank god
INFO:root:Now we are in the 226 day of year
INFO:root:the data of 226 day of year is merging, thank god
INFO:root:Now we are in the 227 day of year
INFO:root:the data of 227 day of year is merging, thank god
INFO:root:Now we are in the 228 day of year
INFO:root:the data of 228 day of year is merging, thank god
INFO:root:Now we are in the 229 day of year
INFO:root:the data of 229 day of year is merging, thank god
INFO:root:Now we are in the 230 day of year
INFO:root:the data of 230 day of year is merging, thank god
INFO:root:Now we are in the 231 day of year
INFO:root:the data of 231 day of year is merging, thank god
INFO:root:Now we are in the 232 day of year
INFO:root:the data of 232 day of year is merging, thank god
INFO:root:Now we are in the 233 day of year
INFO:root:the data of 233 day of year is merging, thank god
INFO:root:Now we are in the 234 day of year
INFO:root:the data of 234 day of year is merging, thank god
INFO:root:Now we are in the 235 day of year
INFO:root:the data of 235 day of year is merging, thank god
INFO:root:Now we are in the 236 day of year
INFO:root:the data of 236 day of year is merging, thank god
INFO:root:Now we are in the 237 day of year
INFO:root:the data of 237 day of year is merging, thank god
INFO:root:Now we are in the 238 day of year
INFO:root:the data of 238 day of year is merging, thank god
INFO:root:Now we are in the 239 day of year
INFO:root:the data of 239 day of year is merging, thank god
INFO:root:Now we are in the 240 day of year
INFO:root:the data of 240 day of year is merging, thank god
INFO:root:Now we are in the 241 day of year
INFO:root:the data of 241 day of year is merging, thank god
INFO:root:Now we are in the 242 day of year
INFO:root:the data of 242 day of year is merging, thank god
INFO:root:Now we are in the 243 day of year
INFO:root:the data of 243 day of year is merging, thank god
INFO:root:merging complete
INFO:root:the SM19 merge data is now save in /raid1/SM_data/archive/2023/TW/August_merge
INFO:root:Now we are in station:SM39
INFO:root:Now we are in the 213 day of year
INFO:root:the data of 213 day of year is merging, thank god
INFO:root:Now we are in the 214 day of year
INFO:root:the data of 214 day of year is merging, thank god
INFO:root:Now we are in the 215 day of year
INFO:root:the data of 215 day of year is merging, thank god
INFO:root:Now we are in the 216 day of year
INFO:root:the data of 216 day of year is merging, thank god
INFO:root:Now we are in the 217 day of year
INFO:root:the data of 217 day of year is merging, thank god
INFO:root:Now we are in the 218 day of year
INFO:root:the data of 218 day of year is merging, thank god
INFO:root:Now we are in the 219 day of year
INFO:root:the data of 219 day of year is merging, thank god
INFO:root:Now we are in the 220 day of year
INFO:root:the data of 220 day of year is merging, thank god
INFO:root:Now we are in the 221 day of year
INFO:root:the data of 221 day of year is merging, thank god
INFO:root:Now we are in the 222 day of year
INFO:root:the data of 222 day of year is merging, thank god
INFO:root:Now we are in the 223 day of year
INFO:root:the data of 223 day of year is merging, thank god
INFO:root:Now we are in the 224 day of year
INFO:root:the data of 224 day of year is merging, thank god
INFO:root:Now we are in the 225 day of year
INFO:root:the data of 225 day of year is merging, thank god
INFO:root:Now we are in the 226 day of year
INFO:root:the data of 226 day of year is merging, thank god
INFO:root:Now we are in the 227 day of year
INFO:root:the data of 227 day of year is merging, thank god
INFO:root:Now we are in the 228 day of year
INFO:root:the data of 228 day of year is merging, thank god
INFO:root:Now we are in the 229 day of year
INFO:root:the data of 229 day of year is merging, thank god
INFO:root:Now we are in the 230 day of year
INFO:root:the data of 230 day of year is merging, thank god
INFO:root:Now we are in the 231 day of year
INFO:root:the data of 231 day of year is merging, thank god
INFO:root:Now we are in the 232 day of year
INFO:root:the data of 232 day of year is merging, thank god
INFO:root:Now we are in the 233 day of year
INFO:root:the data of 233 day of year is merging, thank god
INFO:root:Now we are in the 234 day of year
INFO:root:the data of 234 day of year is merging, thank god
INFO:root:Now we are in the 235 day of year
INFO:root:the data of 235 day of year is merging, thank god
INFO:root:Now we are in the 236 day of year
INFO:root:the data of 236 day of year is merging, thank god
INFO:root:Now we are in the 237 day of year
INFO:root:the data of 237 day of year is merging, thank god
INFO:root:Now we are in the 238 day of year
INFO:root:the data of 238 day of year is merging, thank god
INFO:root:Now we are in the 239 day of year
INFO:root:the data of 239 day of year is merging, thank god
INFO:root:Now we are in the 240 day of year
INFO:root:the data of 240 day of year is merging, thank god
INFO:root:Now we are in the 241 day of year
INFO:root:the data of 241 day of year is merging, thank god
INFO:root:Now we are in the 242 day of year
INFO:root:the data of 242 day of year is merging, thank god
INFO:root:Now we are in the 243 day of year
INFO:root:the data of 243 day of year is merging, thank god
INFO:root:merging complete
INFO:root:the SM39 merge data is now save in /raid1/SM_data/archive/2023/TW/August_merge
INFO:root:Now we are in station:SM06
INFO:root:Now we are in the 213 day of year
INFO:root:the data of 213 day of year is merging, thank god
INFO:root:Now we are in the 214 day of year
INFO:root:the data of 214 day of year is merging, thank god
INFO:root:Now we are in the 215 day of year
INFO:root:the data of 215 day of year is merging, thank god
INFO:root:Now we are in the 216 day of year
INFO:root:the data of 216 day of year is merging, thank god
INFO:root:Now we are in the 217 day of year
INFO:root:the data of 217 day of year is merging, thank god
INFO:root:Now we are in the 218 day of year
INFO:root:the data of 218 day of year is merging, thank god
INFO:root:Now we are in the 219 day of year
INFO:root:the data of 219 day of year is merging, thank god
INFO:root:Now we are in the 220 day of year
INFO:root:the data of 220 day of year is merging, thank god
INFO:root:Now we are in the 221 day of year
INFO:root:the data of 221 day of year is merging, thank god
INFO:root:Now we are in the 222 day of year
INFO:root:the data of 222 day of year is merging, thank god
INFO:root:Now we are in the 223 day of year
INFO:root:the data of 223 day of year is merging, thank god
INFO:root:Now we are in the 224 day of year
INFO:root:the data of 224 day of year is merging, thank god
INFO:root:Now we are in the 225 day of year
INFO:root:the data of 225 day of year is merging, thank god
INFO:root:Now we are in the 226 day of year
INFO:root:the data of 226 day of year is merging, thank god
INFO:root:Now we are in the 227 day of year
INFO:root:the data of 227 day of year is merging, thank god
INFO:root:Now we are in the 228 day of year
INFO:root:the data of 228 day of year is merging, thank god
INFO:root:Now we are in the 229 day of year
INFO:root:the data of 229 day of year is merging, thank god
INFO:root:Now we are in the 230 day of year
INFO:root:the data of 230 day of year is merging, thank god
INFO:root:Now we are in the 231 day of year
INFO:root:the data of 231 day of year is merging, thank god
INFO:root:Now we are in the 232 day of year
INFO:root:the data of 232 day of year is merging, thank god
INFO:root:Now we are in the 233 day of year
INFO:root:the data of 233 day of year is merging, thank god
INFO:root:Now we are in the 234 day of year
INFO:root:the data of 234 day of year is merging, thank god
INFO:root:Now we are in the 235 day of year
INFO:root:the data of 235 day of year is merging, thank god
INFO:root:Now we are in the 236 day of year
INFO:root:the data of 236 day of year is merging, thank god
INFO:root:Now we are in the 237 day of year
INFO:root:the data of 237 day of year is merging, thank god
INFO:root:Now we are in the 238 day of year
INFO:root:the data of 238 day of year is merging, thank god
INFO:root:Now we are in the 239 day of year
INFO:root:the data of 239 day of year is merging, thank god
INFO:root:Now we are in the 240 day of year
INFO:root:the data of 240 day of year is merging, thank god
INFO:root:Now we are in the 241 day of year
INFO:root:the data of 241 day of year is merging, thank god
INFO:root:Now we are in the 242 day of year
INFO:root:the data of 242 day of year is merging, thank god
INFO:root:Now we are in the 243 day of year
INFO:root:the data of 243 day of year is merging, thank god
INFO:root:merging complete
