INFO:root:Now we are in station:SM01
INFO:root:Now we are in the 244 day of year
INFO:root:the data of 244 day of year is merging, thank god
INFO:root:Now we are in the 245 day of year
INFO:root:the data of 245 day of year is merging, thank god
INFO:root:Now we are in the 246 day of year
INFO:root:the data of 246 day of year is merging, thank god
INFO:root:Now we are in the 247 day of year
INFO:root:the data of 247 day of year is merging, thank god
INFO:root:Now we are in the 248 day of year
INFO:root:the data of 248 day of year is merging, thank god
INFO:root:Now we are in the 249 day of year
INFO:root:the data of 249 day of year is merging, thank god
INFO:root:Now we are in the 250 day of year
INFO:root:the data of 250 day of year is merging, thank god
INFO:root:Now we are in the 251 day of year
INFO:root:the data of 251 day of year is merging, thank god
INFO:root:Now we are in the 252 day of year
INFO:root:the data of 252 day of year is merging, thank god
INFO:root:Now we are in the 253 day of year
INFO:root:the data of 253 day of year is merging, thank god
INFO:root:Now we are in the 254 day of year
INFO:root:the data of 254 day of year is merging, thank god
INFO:root:Now we are in the 255 day of year
INFO:root:the data of 255 day of year is merging, thank god
INFO:root:Now we are in the 256 day of year
INFO:root:the data of 256 day of year is merging, thank god
INFO:root:Now we are in the 257 day of year
INFO:root:the data of 257 day of year is merging, thank god
INFO:root:Now we are in the 258 day of year
INFO:root:the data of 258 day of year is merging, thank god
INFO:root:Now we are in the 259 day of year
INFO:root:the data of 259 day of year is merging, thank god
INFO:root:Now we are in the 260 day of year
INFO:root:the data of 260 day of year is merging, thank god
INFO:root:Now we are in the 261 day of year
INFO:root:the data of 261 day of year is merging, thank god
INFO:root:Now we are in the 262 day of year
INFO:root:the data of 262 day of year is merging, thank god
INFO:root:Now we are in the 263 day of year
INFO:root:the data of 263 day of year is merging, thank god
INFO:root:Now we are in the 264 day of year
INFO:root:the data of 264 day of year is merging, thank god
INFO:root:Now we are in the 265 day of year
INFO:root:the data of 265 day of year is merging, thank god
INFO:root:Now we are in the 266 day of year
INFO:root:the data of 266 day of year is merging, thank god
INFO:root:Now we are in the 267 day of year
INFO:root:the data of 267 day of year is merging, thank god
INFO:root:Now we are in the 268 day of year
INFO:root:the data of 268 day of year is merging, thank god
INFO:root:Now we are in the 269 day of year
INFO:root:the data of 269 day of year is merging, thank god
INFO:root:Now we are in the 270 day of year
INFO:root:the data of 270 day of year is merging, thank god
INFO:root:Now we are in the 271 day of year
INFO:root:the data of 271 day of year is merging, thank god
INFO:root:Now we are in the 272 day of year
INFO:root:the data of 272 day of year is merging, thank god
INFO:root:Now we are in the 273 day of year
INFO:root:the data of 273 day of year is merging, thank god
INFO:root:merging complete
INFO:root:the SM01 stream is update in dictionary!
INFO:root:Now we are in station:SM02
INFO:root:Now we are in the 244 day of year
INFO:root:the data of 244 day of year is merging, thank god
INFO:root:Now we are in the 245 day of year
INFO:root:the data of 245 day of year is merging, thank god
INFO:root:Now we are in the 246 day of year
INFO:root:the data of 246 day of year is merging, thank god
INFO:root:Now we are in the 247 day of year
INFO:root:the data of 247 day of year is merging, thank god
INFO:root:Now we are in the 248 day of year
INFO:root:the data of 248 day of year is merging, thank god
INFO:root:Now we are in the 249 day of year
INFO:root:the data of 249 day of year is merging, thank god
INFO:root:Now we are in the 250 day of year
INFO:root:the data of 250 day of year is merging, thank god
INFO:root:Now we are in the 251 day of year
INFO:root:the data of 251 day of year is merging, thank god
INFO:root:Now we are in the 252 day of year
INFO:root:the data of 252 day of year is merging, thank god
INFO:root:Now we are in the 253 day of year
INFO:root:the data of 253 day of year is merging, thank god
INFO:root:Now we are in the 254 day of year
INFO:root:the data of 254 day of year is merging, thank god
INFO:root:Now we are in the 255 day of year
INFO:root:the data of 255 day of year is merging, thank god
INFO:root:Now we are in the 256 day of year
INFO:root:the data of 256 day of year is merging, thank god
INFO:root:Now we are in the 257 day of year
INFO:root:the data of 257 day of year is merging, thank god
INFO:root:Now we are in the 258 day of year
INFO:root:the data of 258 day of year is merging, thank god
INFO:root:Now we are in the 259 day of year
INFO:root:the data of 259 day of year is merging, thank god
INFO:root:Now we are in the 260 day of year
INFO:root:the data of 260 day of year is merging, thank god
INFO:root:Now we are in the 261 day of year
INFO:root:the data of 261 day of year is merging, thank god
INFO:root:Now we are in the 262 day of year
INFO:root:the data of 262 day of year is merging, thank god
INFO:root:Now we are in the 263 day of year
INFO:root:the data of 263 day of year is merging, thank god
INFO:root:Now we are in the 264 day of year
INFO:root:the data of 264 day of year is merging, thank god
INFO:root:Now we are in the 265 day of year
INFO:root:the data of 265 day of year is merging, thank god
INFO:root:Now we are in the 266 day of year
INFO:root:the data of 266 day of year is merging, thank god
INFO:root:Now we are in the 267 day of year
INFO:root:the data of 267 day of year is merging, thank god
INFO:root:Now we are in the 268 day of year
INFO:root:the data of 268 day of year is merging, thank god
INFO:root:Now we are in the 269 day of year
INFO:root:the data of 269 day of year is merging, thank god
INFO:root:Now we are in the 270 day of year
INFO:root:the data of 270 day of year is merging, thank god
INFO:root:Now we are in the 271 day of year
INFO:root:the data of 271 day of year is merging, thank god
INFO:root:Now we are in the 272 day of year
INFO:root:the data of 272 day of year is merging, thank god
INFO:root:Now we are in the 273 day of year
INFO:root:the data of 273 day of year is merging, thank god
INFO:root:merging complete
INFO:root:the SM02 stream is update in dictionary!
INFO:root:Now we are in station:SM06
INFO:root:Now we are in the 244 day of year
INFO:root:the data of 244 day of year is merging, thank god
INFO:root:Now we are in the 245 day of year
INFO:root:the data of 245 day of year is merging, thank god
INFO:root:Now we are in the 246 day of year
INFO:root:the data of 246 day of year is merging, thank god
INFO:root:Now we are in the 247 day of year
INFO:root:the data of 247 day of year is merging, thank god
INFO:root:Now we are in the 248 day of year
INFO:root:the data of 248 day of year is merging, thank god
INFO:root:Now we are in the 249 day of year
INFO:root:the data of 249 day of year is merging, thank god
INFO:root:Now we are in the 250 day of year
INFO:root:the data of 250 day of year is merging, thank god
INFO:root:Now we are in the 251 day of year
INFO:root:the data of 251 day of year is merging, thank god
INFO:root:Now we are in the 252 day of year
INFO:root:the data of 252 day of year is merging, thank god
INFO:root:Now we are in the 253 day of year
INFO:root:the data of 253 day of year is merging, thank god
INFO:root:Now we are in the 254 day of year
INFO:root:the data of 254 day of year is merging, thank god
INFO:root:Now we are in the 255 day of year
INFO:root:the data of 255 day of year is merging, thank god
INFO:root:Now we are in the 256 day of year
INFO:root:the data of 256 day of year is merging, thank god
INFO:root:Now we are in the 257 day of year
INFO:root:the data of 257 day of year is merging, thank god
INFO:root:Now we are in the 258 day of year
INFO:root:the data of 258 day of year is merging, thank god
INFO:root:Now we are in the 259 day of year
INFO:root:the data of 259 day of year is merging, thank god
INFO:root:Now we are in the 260 day of year
INFO:root:the data of 260 day of year is merging, thank god
INFO:root:Now we are in the 261 day of year
INFO:root:the data of 261 day of year is merging, thank god
INFO:root:Now we are in the 262 day of year
INFO:root:the data of 262 day of year is merging, thank god
INFO:root:Now we are in the 263 day of year
INFO:root:the data of 263 day of year is merging, thank god
INFO:root:Now we are in the 264 day of year
INFO:root:the data of 264 day of year is merging, thank god
INFO:root:Now we are in the 265 day of year
INFO:root:the data of 265 day of year is merging, thank god
INFO:root:Now we are in the 266 day of year
INFO:root:the data of 266 day of year is merging, thank god
INFO:root:Now we are in the 267 day of year
INFO:root:the data of 267 day of year is merging, thank god
INFO:root:Now we are in the 268 day of year
INFO:root:the data of 268 day of year is merging, thank god
INFO:root:Now we are in the 269 day of year
INFO:root:the data of 269 day of year is merging, thank god
INFO:root:Now we are in the 270 day of year
INFO:root:the data of 270 day of year is merging, thank god
INFO:root:Now we are in the 271 day of year
INFO:root:the data of 271 day of year is merging, thank god
INFO:root:Now we are in the 272 day of year
INFO:root:the data of 272 day of year is merging, thank god
INFO:root:Now we are in the 273 day of year
INFO:root:the data of 273 day of year is merging, thank god
INFO:root:merging complete
INFO:root:the SM06 stream is update in dictionary!
INFO:root:Now we are in station:SM09
INFO:root:Now we are in the 244 day of year
INFO:root:the data of 244 day of year is merging, thank god
INFO:root:Now we are in the 245 day of year
INFO:root:the data of 245 day of year is merging, thank god
INFO:root:Now we are in the 246 day of year
INFO:root:the data of 246 day of year is merging, thank god
INFO:root:Now we are in the 247 day of year
INFO:root:the data of 247 day of year is merging, thank god
INFO:root:Now we are in the 248 day of year
INFO:root:the data of 248 day of year is merging, thank god
INFO:root:Now we are in the 249 day of year
INFO:root:the data of 249 day of year is merging, thank god
INFO:root:Now we are in the 250 day of year
INFO:root:the data of 250 day of year is merging, thank god
INFO:root:Now we are in the 251 day of year
INFO:root:the data of 251 day of year is merging, thank god
INFO:root:Now we are in the 252 day of year
INFO:root:the data of 252 day of year is merging, thank god
INFO:root:Now we are in the 253 day of year
INFO:root:the data of 253 day of year is merging, thank god
INFO:root:Now we are in the 254 day of year
INFO:root:the data of 254 day of year is merging, thank god
INFO:root:Now we are in the 255 day of year
INFO:root:the data of 255 day of year is merging, thank god
INFO:root:Now we are in the 256 day of year
INFO:root:the data of 256 day of year is merging, thank god
INFO:root:Now we are in the 257 day of year
INFO:root:the data of 257 day of year is merging, thank god
INFO:root:Now we are in the 258 day of year
INFO:root:the data of 258 day of year is merging, thank god
INFO:root:Now we are in the 259 day of year
INFO:root:the data of 259 day of year is merging, thank god
INFO:root:Now we are in the 260 day of year
INFO:root:the data of 260 day of year is merging, thank god
INFO:root:Now we are in the 261 day of year
INFO:root:the data of 261 day of year is merging, thank god
INFO:root:Now we are in the 262 day of year
INFO:root:the data of 262 day of year is merging, thank god
INFO:root:Now we are in the 263 day of year
INFO:root:the data of 263 day of year is merging, thank god
INFO:root:Now we are in the 264 day of year
INFO:root:the data of 264 day of year is merging, thank god
INFO:root:Now we are in the 265 day of year
INFO:root:the data of 265 day of year is merging, thank god
INFO:root:Now we are in the 266 day of year
INFO:root:the data of 266 day of year is merging, thank god
INFO:root:Now we are in the 267 day of year
INFO:root:the data of 267 day of year is merging, thank god
INFO:root:Now we are in the 268 day of year
INFO:root:the data of 268 day of year is merging, thank god
INFO:root:Now we are in the 269 day of year
INFO:root:the data of 269 day of year is merging, thank god
INFO:root:Now we are in the 270 day of year
INFO:root:the data of 270 day of year is merging, thank god
INFO:root:Now we are in the 271 day of year
INFO:root:the data of 271 day of year is merging, thank god
INFO:root:Now we are in the 272 day of year
INFO:root:the data of 272 day of year is merging, thank god
INFO:root:Now we are in the 273 day of year
INFO:root:the data of 273 day of year is merging, thank god
INFO:root:merging complete
INFO:root:the SM09 stream is update in dictionary!
INFO:root:Now we are in station:SM19
INFO:root:Now we are in the 244 day of year
INFO:root:the data of 244 day of year is merging, thank god
INFO:root:Now we are in the 245 day of year
INFO:root:the data of 245 day of year is merging, thank god
INFO:root:Now we are in the 246 day of year
INFO:root:the data of 246 day of year is merging, thank god
INFO:root:Now we are in the 247 day of year
INFO:root:the data of 247 day of year is merging, thank god
INFO:root:Now we are in the 248 day of year
INFO:root:the data of 248 day of year is merging, thank god
INFO:root:Now we are in the 249 day of year
INFO:root:the data of 249 day of year is merging, thank god
INFO:root:Now we are in the 250 day of year
INFO:root:the data of 250 day of year is merging, thank god
INFO:root:Now we are in the 251 day of year
INFO:root:the data of 251 day of year is merging, thank god
INFO:root:Now we are in the 252 day of year
INFO:root:the data of 252 day of year is merging, thank god
INFO:root:Now we are in the 253 day of year
INFO:root:the data of 253 day of year is merging, thank god
INFO:root:Now we are in the 254 day of year
INFO:root:the data of 254 day of year is merging, thank god
INFO:root:Now we are in the 255 day of year
INFO:root:the data of 255 day of year is merging, thank god
INFO:root:Now we are in the 256 day of year
INFO:root:the data of 256 day of year is merging, thank god
INFO:root:Now we are in the 257 day of year
INFO:root:the data of 257 day of year is merging, thank god
INFO:root:Now we are in the 258 day of year
INFO:root:the data of 258 day of year is merging, thank god
INFO:root:Now we are in the 259 day of year
INFO:root:the data of 259 day of year is merging, thank god
INFO:root:Now we are in the 260 day of year
INFO:root:the data of 260 day of year is merging, thank god
INFO:root:Now we are in the 261 day of year
INFO:root:the data of 261 day of year is merging, thank god
INFO:root:Now we are in the 262 day of year
INFO:root:the data of 262 day of year is merging, thank god
INFO:root:Now we are in the 263 day of year
INFO:root:the data of 263 day of year is merging, thank god
INFO:root:Now we are in the 264 day of year
INFO:root:the data of 264 day of year is merging, thank god
INFO:root:Now we are in the 265 day of year
INFO:root:the data of 265 day of year is merging, thank god
INFO:root:Now we are in the 266 day of year
INFO:root:the data of 266 day of year is merging, thank god
INFO:root:Now we are in the 267 day of year
INFO:root:the data of 267 day of year is merging, thank god
INFO:root:Now we are in the 268 day of year
INFO:root:the data of 268 day of year is merging, thank god
INFO:root:Now we are in the 269 day of year
INFO:root:the data of 269 day of year is merging, thank god
INFO:root:Now we are in the 270 day of year
INFO:root:the data of 270 day of year is merging, thank god
INFO:root:Now we are in the 271 day of year
INFO:root:the data of 271 day of year is merging, thank god
INFO:root:Now we are in the 272 day of year
INFO:root:the data of 272 day of year is merging, thank god
INFO:root:Now we are in the 273 day of year
INFO:root:the data of 273 day of year is merging, thank god
INFO:root:merging complete
INFO:root:the SM19 stream is update in dictionary!
INFO:root:Now we are in station:SM37
INFO:root:Now we are in the 244 day of year
ERROR:root:Error processing thorugh the 244 day of year: list index out of range
INFO:root:Now we are in the 245 day of year
ERROR:root:Error processing thorugh the 245 day of year: list index out of range
INFO:root:Now we are in the 246 day of year
ERROR:root:Error processing thorugh the 246 day of year: list index out of range
INFO:root:Now we are in the 247 day of year
ERROR:root:Error processing thorugh the 247 day of year: list index out of range
INFO:root:Now we are in the 248 day of year
ERROR:root:Error processing thorugh the 248 day of year: list index out of range
INFO:root:Now we are in the 249 day of year
ERROR:root:Error processing thorugh the 249 day of year: list index out of range
INFO:root:Now we are in the 250 day of year
ERROR:root:Error processing thorugh the 250 day of year: list index out of range
INFO:root:Now we are in the 251 day of year
ERROR:root:Error processing thorugh the 251 day of year: list index out of range
INFO:root:Now we are in the 252 day of year
ERROR:root:Error processing thorugh the 252 day of year: list index out of range
INFO:root:Now we are in the 253 day of year
ERROR:root:Error processing thorugh the 253 day of year: list index out of range
INFO:root:Now we are in the 254 day of year
ERROR:root:Error processing thorugh the 254 day of year: list index out of range
INFO:root:Now we are in the 255 day of year
ERROR:root:Error processing thorugh the 255 day of year: list index out of range
INFO:root:Now we are in the 256 day of year
ERROR:root:Error processing thorugh the 256 day of year: list index out of range
INFO:root:Now we are in the 257 day of year
ERROR:root:Error processing thorugh the 257 day of year: list index out of range
INFO:root:Now we are in the 258 day of year
ERROR:root:Error processing thorugh the 258 day of year: list index out of range
INFO:root:Now we are in the 259 day of year
ERROR:root:Error processing thorugh the 259 day of year: list index out of range
INFO:root:Now we are in the 260 day of year
ERROR:root:Error processing thorugh the 260 day of year: list index out of range
INFO:root:Now we are in the 261 day of year
ERROR:root:Error processing thorugh the 261 day of year: list index out of range
INFO:root:Now we are in the 262 day of year
ERROR:root:Error processing thorugh the 262 day of year: list index out of range
INFO:root:Now we are in the 263 day of year
ERROR:root:Error processing thorugh the 263 day of year: list index out of range
INFO:root:Now we are in the 264 day of year
ERROR:root:Error processing thorugh the 264 day of year: list index out of range
INFO:root:Now we are in the 265 day of year
ERROR:root:Error processing thorugh the 265 day of year: list index out of range
INFO:root:Now we are in the 266 day of year
ERROR:root:Error processing thorugh the 266 day of year: list index out of range
INFO:root:Now we are in the 267 day of year
ERROR:root:Error processing thorugh the 267 day of year: list index out of range
INFO:root:Now we are in the 268 day of year
ERROR:root:Error processing thorugh the 268 day of year: list index out of range
INFO:root:Now we are in the 269 day of year
ERROR:root:Error processing thorugh the 269 day of year: list index out of range
INFO:root:Now we are in the 270 day of year
ERROR:root:Error processing thorugh the 270 day of year: list index out of range
INFO:root:Now we are in the 271 day of year
ERROR:root:Error processing thorugh the 271 day of year: list index out of range
INFO:root:Now we are in the 272 day of year
ERROR:root:Error processing thorugh the 272 day of year: list index out of range
INFO:root:Now we are in the 273 day of year
ERROR:root:Error processing thorugh the 273 day of year: list index out of range
INFO:root:merging complete
INFO:root:the SM37 stream is update in dictionary!
INFO:root:Now we are in station:SM39
INFO:root:Now we are in the 244 day of year
INFO:root:the data of 244 day of year is merging, thank god
INFO:root:Now we are in the 245 day of year
INFO:root:the data of 245 day of year is merging, thank god
INFO:root:Now we are in the 246 day of year
INFO:root:the data of 246 day of year is merging, thank god
INFO:root:Now we are in the 247 day of year
INFO:root:the data of 247 day of year is merging, thank god
INFO:root:Now we are in the 248 day of year
INFO:root:the data of 248 day of year is merging, thank god
INFO:root:Now we are in the 249 day of year
INFO:root:the data of 249 day of year is merging, thank god
INFO:root:Now we are in the 250 day of year
INFO:root:the data of 250 day of year is merging, thank god
INFO:root:Now we are in the 251 day of year
INFO:root:the data of 251 day of year is merging, thank god
INFO:root:Now we are in the 252 day of year
INFO:root:the data of 252 day of year is merging, thank god
INFO:root:Now we are in the 253 day of year
INFO:root:the data of 253 day of year is merging, thank god
INFO:root:Now we are in the 254 day of year
INFO:root:the data of 254 day of year is merging, thank god
INFO:root:Now we are in the 255 day of year
INFO:root:the data of 255 day of year is merging, thank god
INFO:root:Now we are in the 256 day of year
INFO:root:the data of 256 day of year is merging, thank god
INFO:root:Now we are in the 257 day of year
INFO:root:the data of 257 day of year is merging, thank god
INFO:root:Now we are in the 258 day of year
INFO:root:the data of 258 day of year is merging, thank god
INFO:root:Now we are in the 259 day of year
INFO:root:the data of 259 day of year is merging, thank god
INFO:root:Now we are in the 260 day of year
INFO:root:the data of 260 day of year is merging, thank god
INFO:root:Now we are in the 261 day of year
INFO:root:the data of 261 day of year is merging, thank god
INFO:root:Now we are in the 262 day of year
INFO:root:the data of 262 day of year is merging, thank god
INFO:root:Now we are in the 263 day of year
INFO:root:the data of 263 day of year is merging, thank god
INFO:root:Now we are in the 264 day of year
INFO:root:the data of 264 day of year is merging, thank god
INFO:root:Now we are in the 265 day of year
INFO:root:the data of 265 day of year is merging, thank god
INFO:root:Now we are in the 266 day of year
INFO:root:the data of 266 day of year is merging, thank god
INFO:root:Now we are in the 267 day of year
INFO:root:the data of 267 day of year is merging, thank god
INFO:root:Now we are in the 268 day of year
INFO:root:the data of 268 day of year is merging, thank god
INFO:root:Now we are in the 269 day of year
INFO:root:the data of 269 day of year is merging, thank god
INFO:root:Now we are in the 270 day of year
INFO:root:the data of 270 day of year is merging, thank god
INFO:root:Now we are in the 271 day of year
INFO:root:the data of 271 day of year is merging, thank god
INFO:root:Now we are in the 272 day of year
INFO:root:the data of 272 day of year is merging, thank god
INFO:root:Now we are in the 273 day of year
INFO:root:the data of 273 day of year is merging, thank god
INFO:root:merging complete
INFO:root:the SM39 stream is update in dictionary!
INFO:root:Now we are in station:SM40
INFO:root:Now we are in the 244 day of year
INFO:root:the data of 244 day of year is merging, thank god
INFO:root:Now we are in the 245 day of year
INFO:root:the data of 245 day of year is merging, thank god
INFO:root:Now we are in the 246 day of year
INFO:root:the data of 246 day of year is merging, thank god
INFO:root:Now we are in the 247 day of year
INFO:root:the data of 247 day of year is merging, thank god
INFO:root:Now we are in the 248 day of year
INFO:root:the data of 248 day of year is merging, thank god
INFO:root:Now we are in the 249 day of year
INFO:root:the data of 249 day of year is merging, thank god
INFO:root:Now we are in the 250 day of year
INFO:root:the data of 250 day of year is merging, thank god
INFO:root:Now we are in the 251 day of year
INFO:root:the data of 251 day of year is merging, thank god
INFO:root:Now we are in the 252 day of year
INFO:root:the data of 252 day of year is merging, thank god
INFO:root:Now we are in the 253 day of year
INFO:root:the data of 253 day of year is merging, thank god
INFO:root:Now we are in the 254 day of year
INFO:root:the data of 254 day of year is merging, thank god
INFO:root:Now we are in the 255 day of year
INFO:root:the data of 255 day of year is merging, thank god
INFO:root:Now we are in the 256 day of year
INFO:root:the data of 256 day of year is merging, thank god
INFO:root:Now we are in the 257 day of year
INFO:root:the data of 257 day of year is merging, thank god
INFO:root:Now we are in the 258 day of year
INFO:root:the data of 258 day of year is merging, thank god
INFO:root:Now we are in the 259 day of year
INFO:root:the data of 259 day of year is merging, thank god
INFO:root:Now we are in the 260 day of year
INFO:root:the data of 260 day of year is merging, thank god
INFO:root:Now we are in the 261 day of year
INFO:root:the data of 261 day of year is merging, thank god
INFO:root:Now we are in the 262 day of year
INFO:root:the data of 262 day of year is merging, thank god
INFO:root:Now we are in the 263 day of year
INFO:root:the data of 263 day of year is merging, thank god
INFO:root:Now we are in the 264 day of year
INFO:root:the data of 264 day of year is merging, thank god
INFO:root:Now we are in the 265 day of year
INFO:root:the data of 265 day of year is merging, thank god
INFO:root:Now we are in the 266 day of year
INFO:root:the data of 266 day of year is merging, thank god
INFO:root:Now we are in the 267 day of year
INFO:root:the data of 267 day of year is merging, thank god
INFO:root:Now we are in the 268 day of year
INFO:root:the data of 268 day of year is merging, thank god
INFO:root:Now we are in the 269 day of year
INFO:root:the data of 269 day of year is merging, thank god
INFO:root:Now we are in the 270 day of year
INFO:root:the data of 270 day of year is merging, thank god
INFO:root:Now we are in the 271 day of year
INFO:root:the data of 271 day of year is merging, thank god
INFO:root:Now we are in the 272 day of year
INFO:root:the data of 272 day of year is merging, thank god
INFO:root:Now we are in the 273 day of year
INFO:root:the data of 273 day of year is merging, thank god
INFO:root:merging complete
INFO:root:the SM40 stream is update in dictionary!
INFO:root:we here!
INFO:root:we here!
INFO:root:we here!
INFO:root:we here!
INFO:root:we here!
INFO:root:we here!
INFO:root:we here!
